MorSensor_MorFeeling/Application/build/outputs/logs/manifest-merger-debug-report.txt
-- Merging decision tree log ---
manifest
ADDED from src\main\AndroidManifest.xml:2:1-83:12
	package
		ADDED from src\main\AndroidManifest.xml:3:5-48
		INJECTED from src\main\AndroidManifest.xml
		INJECTED from src\main\AndroidManifest.xml
	android:versionName
		ADDED from src\main\AndroidManifest.xml:5:5-32
	android:versionCode
		ADDED from src\main\AndroidManifest.xml:4:5-28
		INJECTED from src\main\AndroidManifest.xml
		INJECTED from src\main\AndroidManifest.xml
	xmlns:android
		ADDED from src\main\AndroidManifest.xml:2:11-69
uses-feature#android.hardware.bluetooth_le
ADDED from src\main\AndroidManifest.xml:7:5-9:35
	android:required
		ADDED from src\main\AndroidManifest.xml:9:9-32
	android:name
		ADDED from src\main\AndroidManifest.xml:8:9-53
uses-permission#android.permission.BLUETOOTH
ADDED from src\main\AndroidManifest.xml:11:5-68
	android:name
		ADDED from src\main\AndroidManifest.xml:11:22-65
uses-permission#android.permission.BLUETOOTH_ADMIN
ADDED from src\main\AndroidManifest.xml:12:5-74
	android:name
		ADDED from src\main\AndroidManifest.xml:12:22-71
uses-permission#android.permission.WAKE_LOCK
ADDED from src\main\AndroidManifest.xml:13:5-68
	android:name
		ADDED from src\main\AndroidManifest.xml:13:22-65
uses-permission#android.permission.WRITE_EXTERNAL_STORAGE
ADDED from src\main\AndroidManifest.xml:14:5-81
	android:name
		ADDED from src\main\AndroidManifest.xml:14:22-78
uses-permission#android.permission.READ_EXTERNAL_STORAGE
ADDED from src\main\AndroidManifest.xml:15:5-80
	android:name
		ADDED from src\main\AndroidManifest.xml:15:22-77
uses-permission#android.permission.VIBRATE
ADDED from src\main\AndroidManifest.xml:16:5-66
	android:name
		ADDED from src\main\AndroidManifest.xml:16:22-63
application
ADDED from src\main\AndroidManifest.xml:18:5-81:19
MERGED from [com.android.support:support-v4:23.0.1] AndroidManifest.xml:22:5-20
MERGED from [com.android.support:appcompat-v7:23.0.1] AndroidManifest.xml:22:5-20
MERGED from [com.android.support:support-v4:23.0.1] AndroidManifest.xml:22:5-20
MERGED from [com.android.support:cardview-v7:23.0.1] AndroidManifest.xml:22:5-20
MERGED from [com.android.support:design:23.0.1] AndroidManifest.xml:22:5-20
MERGED from [com.android.support:support-v4:23.0.1] AndroidManifest.xml:22:5-20
MERGED from [com.android.support:appcompat-v7:23.0.1] AndroidManifest.xml:22:5-20
MERGED from [com.android.support:support-v4:23.0.1] AndroidManifest.xml:22:5-20
	android:label
		ADDED from src\main\AndroidManifest.xml:20:9-42
	android:icon
		ADDED from src\main\AndroidManifest.xml:19:9-46
	android:theme
		ADDED from src\main\AndroidManifest.xml:21:9-40
service#tw.edu.nsysu.bluetooth.BluetoothLeService
ADDED from src\main\AndroidManifest.xml:22:9-24:38
	android:enabled
		ADDED from src\main\AndroidManifest.xml:24:13-35
	android:name
		ADDED from src\main\AndroidManifest.xml:23:13-69
activity#tw.edu.nsysu.morsenser_morfeeling.DeviceScanActivity
ADDED from src\main\AndroidManifest.xml:26:9-36:20
	android:screenOrientation
		ADDED from src\main\AndroidManifest.xml:30:13-49
	android:label
		ADDED from src\main\AndroidManifest.xml:28:13-46
	android:theme
		ADDED from src\main\AndroidManifest.xml:29:13-44
	android:name
		ADDED from src\main\AndroidManifest.xml:27:13-47
intent-filter#android.intent.action.MAIN+android.intent.category.LAUNCHER
ADDED from src\main\AndroidManifest.xml:31:13-35:29
action#android.intent.action.MAIN
ADDED from src\main\AndroidManifest.xml:32:17-69
	android:name
		ADDED from src\main\AndroidManifest.xml:32:25-66
category#android.intent.category.LAUNCHER
ADDED from src\main\AndroidManifest.xml:34:17-77
	android:name
		ADDED from src\main\AndroidManifest.xml:34:27-74
activity#tw.edu.nsysu.morsenser_morfeeling.IMUViewActivity
ADDED from src\main\AndroidManifest.xml:37:9-40:53
	android:screenOrientation
		ADDED from src\main\AndroidManifest.xml:40:13-50
	android:label
		ADDED from src\main\AndroidManifest.xml:39:13-46
	android:name
		ADDED from src\main\AndroidManifest.xml:38:13-44
activity#tw.edu.nsysu.morsenser_morfeeling.IMU
ADDED from src\main\AndroidManifest.xml:41:9-44:53
	android:screenOrientation
		ADDED from src\main\AndroidManifest.xml:44:13-50
	android:label
		ADDED from src\main\AndroidManifest.xml:43:13-33
	android:name
		ADDED from src\main\AndroidManifest.xml:42:13-32
activity#tw.edu.nsysu.morsenser_morfeeling.THU
ADDED from src\main\AndroidManifest.xml:45:9-50:20
	android:label
		ADDED from src\main\AndroidManifest.xml:47:13-40
	android:theme
		ADDED from src\main\AndroidManifest.xml:48:13-49
	android:name
		ADDED from src\main\AndroidManifest.xml:46:13-32
activity#tw.edu.nsysu.morsenser_morfeeling.MainActivity
ADDED from src\main\AndroidManifest.xml:51:9-55:20
	android:label
		ADDED from src\main\AndroidManifest.xml:53:13-56
	android:name
		ADDED from src\main\AndroidManifest.xml:52:13-41
activity#tw.edu.nsysu.morsenser_morfeeling.THUViewActivity
ADDED from src\main\AndroidManifest.xml:56:9-60:20
	android:label
		ADDED from src\main\AndroidManifest.xml:58:13-59
	android:name
		ADDED from src\main\AndroidManifest.xml:57:13-44
activity#tw.edu.nsysu.morsenser_morfeeling.ColorViewActivity
ADDED from src\main\AndroidManifest.xml:61:9-65:20
	android:label
		ADDED from src\main\AndroidManifest.xml:63:13-62
	android:name
		ADDED from src\main\AndroidManifest.xml:62:13-46
activity#tw.edu.nsysu.morsenser_morfeeling.PIRViewActivity
ADDED from src\main\AndroidManifest.xml:66:9-70:20
	android:label
		ADDED from src\main\AndroidManifest.xml:68:13-59
	android:name
		ADDED from src\main\AndroidManifest.xml:67:13-44
activity#tw.edu.nsysu.morsenser_morfeeling.AlcoholViewActivity
ADDED from src\main\AndroidManifest.xml:71:9-75:20
	android:label
		ADDED from src\main\AndroidManifest.xml:73:13-64
	android:name
		ADDED from src\main\AndroidManifest.xml:72:13-48
activity#tw.edu.nsysu.morsenser_morfeeling.MicViewActivity
ADDED from src\main\AndroidManifest.xml:76:9-80:20
	android:label
		ADDED from src\main\AndroidManifest.xml:78:13-60
	android:name
		ADDED from src\main\AndroidManifest.xml:77:13-44
uses-sdk
INJECTED from src\main\AndroidManifest.xml reason: use-sdk injection requested
MERGED from [com.android.support:support-v4:23.0.1] AndroidManifest.xml:20:5-43
MERGED from [com.android.support:appcompat-v7:23.0.1] AndroidManifest.xml:20:5-43
MERGED from [com.android.support:support-v4:23.0.1] AndroidManifest.xml:20:5-43
MERGED from [com.android.support:cardview-v7:23.0.1] AndroidManifest.xml:20:5-43
MERGED from [com.android.support:design:23.0.1] AndroidManifest.xml:20:5-43
MERGED from [com.android.support:support-v4:23.0.1] AndroidManifest.xml:20:5-43
MERGED from [com.android.support:appcompat-v7:23.0.1] AndroidManifest.xml:20:5-43
MERGED from [com.android.support:support-v4:23.0.1] AndroidManifest.xml:20:5-43
MERGED from [me.relex:circleindicator:1.1.5] AndroidManifest.xml:8:5-10:41
	android:targetSdkVersion
		INJECTED from src\main\AndroidManifest.xml
		INJECTED from src\main\AndroidManifest.xml
	android:minSdkVersion
		INJECTED from src\main\AndroidManifest.xml
		INJECTED from src\main\AndroidManifest.xml